
========================[ Nov 25, 2011 12:40 PM ]========================

========================[ Nov 25, 2011 12:41 PM ]========================

========================[ Nov 25, 2011 12:42 PM ]========================

========================[ Nov 25, 2011 12:47 PM ]========================

========================[ Nov 25, 2011 12:47 PM ]========================

========================[ Nov 25, 2011 12:52 PM ]========================

========================[ Nov 25, 2011 12:53 PM ]========================
Version 2.2.17 [Aug-26-2007]
Started database file "./dummydb"
Formatted 1 sequences in volume 0
SUCCESS: formatted database ./dummydb

========================[ Nov 25, 2011 12:55 PM ]========================
Version 2.2.17 [Aug-26-2007]
Started database file "./dummydb"
Formatted 1 sequences in volume 0
SUCCESS: formatted database ./dummydb

========================[ Nov 25, 2011 12:58 PM ]========================
Version 2.2.17 [Aug-26-2007]
Started database file "."
FDBFinish: Empty protein database...
SUCCESS: formatted database .

========================[ Nov 25, 2011  1:00 PM ]========================
Version 2.2.17 [Aug-26-2007]
Started database file "."
FDBFinish: Empty protein database...
SUCCESS: formatted database .

========================[ Nov 25, 2011  1:03 PM ]========================
Version 2.2.17 [Aug-26-2007]
Started database file "."
FDBFinish: Empty protein database...
SUCCESS: formatted database .

========================[ Nov 25, 2011  1:05 PM ]========================
Version 2.2.17 [Aug-26-2007]
Started database file "."
FDBFinish: Empty protein database...
SUCCESS: formatted database .

========================[ Nov 25, 2011  1:05 PM ]========================
Version 2.2.17 [Aug-26-2007]
Started database file "."
FDBFinish: Empty protein database...
SUCCESS: formatted database .

========================[ Nov 25, 2011  1:05 PM ]========================
Version 2.2.17 [Aug-26-2007]
Started database file "."
FDBFinish: Empty protein database...
SUCCESS: formatted database .

========================[ Nov 25, 2011  1:06 PM ]========================
Version 2.2.17 [Aug-26-2007]
Started database file "."
FDBFinish: Empty protein database...
SUCCESS: formatted database .

========================[ Nov 25, 2011  1:08 PM ]========================
Version 2.2.17 [Aug-26-2007]
Started database file "."
FDBFinish: Empty protein database...
SUCCESS: formatted database .

========================[ Nov 25, 2011  1:11 PM ]========================
Version 2.2.17 [Aug-26-2007]
Started database file "."
FDBFinish: Empty protein database...
SUCCESS: formatted database .

========================[ Nov 25, 2011  1:12 PM ]========================
Version 2.2.17 [Aug-26-2007]
Started database file "."
FDBFinish: Empty protein database...
SUCCESS: formatted database .

========================[ Nov 25, 2011  1:16 PM ]========================
Version 2.2.17 [Aug-26-2007]
Started database file "/home/chengji/casp8/hhpred/nr/nr"
Formatted 1 sequences in volume 0
SUCCESS: formatted database /home/chengji/casp8/hhpred/nr/nr

========================[ Nov 25, 2011  1:20 PM ]========================
Version 2.2.17 [Aug-26-2007]
Started database file "/home/chengji/casp8/hhpred/nr/nr90"
Formatted 1 sequences in volume 0
SUCCESS: formatted database /home/chengji/casp8/hhpred/nr/nr90
