BETWEEN3D-JIGSAW_V3_TS5ANDforecast_TS2tm:0.010656 gdt:0.0342874 max:0.0282549 q:0
BETWEEN3D-JIGSAW_V3_TS5ANDforecast_TS5tm:0.0146674 gdt:0.0342874 max:0.0284503 q:0
BETWEEN3D-JIGSAW_V3_TS5ANDRAPTOR_TS1tm:0.010944 gdt:0.0342874 max:0.0285789 q:0
BETWEEN3D-JIGSAW_V3_TS5ANDFAMSD_TS1tm:0.0314846 gdt:0.0499989 max:0.0489497 q:0
BETWEEN3D-JIGSAW_V3_TS5ANDFOLDpro_TS1tm:0.0127286 gdt:0.035712 max:0.0286046 q:0
BETWEEN3D-JIGSAW_V3_TS5ANDRAPTOR_TS4tm:0.018216 gdt:0.035712 max:0.0270257 q:0
BETWEEN3D-JIGSAW_V3_TS5ANDFUGUE_KM_AL2.pdbtm:0.0163543 gdt:0.0371417 max:0.0339171 q:0
BETWEEN3D-JIGSAW_V3_TS5ANDZhang-Server_TS4tm:0.016236 gdt:0.035712 max:0.0281726 q:0
BETWEEN3D-JIGSAW_V3_TS5ANDGS-KudlatyPred_TS1tm:0.012276 gdt:0.0371417 max:0.0291034 q:0
BETWEEN3D-JIGSAW_V3_TS5ANDFAMSD_TS5tm:0 gdt:0 max:0 q:0
BETWEEN3D-JIGSAW_V3_TS5ANDPoing_TS3tm:0.00825429 gdt:0.0342874 max:0.0293503 q:0
BETWEEN3D-JIGSAW_V3_TS5AND3Dpro_TS2tm:0.0250766 gdt:0.0499989 max:0.0479931 q:0
BETWEEN3D-JIGSAW_V3_TS5ANDPhyre_de_novo_TS4tm:0.0322406 gdt:0.0485691 max:0.0479057 q:0
BETWEEN3D-JIGSAW_V3_TS5ANDFFASsuboptimal_TS5tm:0 gdt:0 max:0 q:0
BETWEEN3D-JIGSAW_V3_TS5ANDACOMPMOD_TS4tm:0.0115354 gdt:0.035712 max:0.0305897 q:0
BETWEEN3D-JIGSAW_V3_TS5ANDCOMA_TS2tm:0.00539486 gdt:0.0214303 max:0.0230709 q:0
BETWEEN3D-JIGSAW_V3_TS5ANDPcons_dot_net_TS1tm:0 gdt:0 max:0 q:0
BETWEEN3D-JIGSAW_V3_TS5ANDSAM-T08-server_TS3tm:0 gdt:0 max:0 q:0
BETWEEN3D-JIGSAW_V3_TS5ANDFUGUE_KM_AL4.pdbtm:0 gdt:0 max:0 q:0
BETWEEN3D-JIGSAW_V3_TS5ANDrehtnap_TS2tm:0.0114223 gdt:0.0114274 max:0.0114274 q:0
BETWEEN3D-JIGSAW_V3_TS5ANDFFASflextemplate_TS1tm:0 gdt:0 max:0 q:0
BETWEEN3D-JIGSAW_V3_TS5ANDRBO-Proteus_TS2tm:0.00858857 gdt:0.0385714 max:0.0349869 q:0
BETWEEN3D-JIGSAW_V3_TS5ANDACOMPMOD_TS5tm:0.0134074 gdt:0.0342874 max:0.0274989 q:0
BETWEEN3D-JIGSAW_V3_TS5ANDFFASflextemplate_TS3tm:0 gdt:0 max:0 q:0
BETWEEN3D-JIGSAW_V3_TS5ANDRAPTOR_TS2tm:0.010944 gdt:0.0342874 max:0.0285789 q:0
BETWEEN3D-JIGSAW_V3_TS5AND3D-JIGSAW_AEP_TS2tm:0.0365966 gdt:0.0514286 max:0.0508989 q:0
BETWEEN3D-JIGSAW_V3_TS5ANDRBO-Proteus_TS4tm:0.0370869 gdt:0.0356949 max:0.0284366 q:0
BETWEEN3D-JIGSAW_V3_TS5ANDMUFOLD-Server_TS3tm:0.0336069 gdt:0.0343029 max:0.0268457 q:0
BETWEEN3D-JIGSAW_V3_TS5ANDFEIG_TS4tm:0.0365897 gdt:0.0356949 max:0.0305246 q:0
BETWEEN3D-JIGSAW_V3_TS5ANDCpHModels_TS1tm:0 gdt:0 max:0 q:0
BETWEEN3D-JIGSAW_V3_TS5ANDGeneSilicoMetaServer_TS3tm:0.00574171 gdt:0.00574171 max:0.00574171 q:0
BETWEEN3D-JIGSAW_V3_TS5ANDPS2-server_TS2tm:0.0388766 gdt:0.0371863 max:0.0287349 q:0
BETWEEN3D-JIGSAW_V3_TS5AND3Dpro_TS3tm:0.0362914 gdt:0.0356949 max:0.027144 q:0
BETWEEN3D-JIGSAW_V3_TS5ANDSAM-T08-server_TS2tm:0.0357943 gdt:0.0328114 max:0.027144 q:0
BETWEEN3D-JIGSAW_V3_TS5ANDFALCON_TS2tm:0.0415246 gdt:0.04144 max:0.03552 q:0
BETWEEN3D-JIGSAW_V3_TS5ANDFrankenstein_TS5tm:0.0393737 gdt:0.0385783 max:0.0291326 q:0
BETWEEN3D-JIGSAW_V3_TS5ANDrehtnap_TS3tm:0.0132651 gdt:0.011448 max:0.00881314 q:0
BETWEEN3D-JIGSAW_V3_TS5ANDSAM-T02-server_AL2.pdbtm:0 gdt:0 max:0 q:0
BETWEEN3D-JIGSAW_V3_TS5ANDFAMSD_TS4tm:0 gdt:0 max:0 q:0
BETWEEN3D-JIGSAW_V3_TS5ANDFOLDpro_TS2tm:0.0436491 gdt:0.0385783 max:0.0378823 q:0
BETWEEN3D-JIGSAW_V3_TS5ANDCOMA-M_TS2tm:0.02934 gdt:0.0285949 max:0.0264526 q:0
BETWEEN3D-JIGSAW_V3_TS5ANDcircle_TS1tm:0.0113937 gdt:0.0113937 max:0.0113937 q:0
BETWEEN3D-JIGSAW_V3_TS5AND3Dpro_TS4tm:0.0443451 gdt:0.0414617 max:0.0387771 q:0
BETWEEN3D-JIGSAW_V3_TS5ANDFFASstandard_TS1tm:0 gdt:0 max:0 q:0
BETWEEN3D-JIGSAW_V3_TS5ANDPhragment_TS1tm:0.029584 gdt:0.0299771 max:0.0238834 q:0
BETWEEN3D-JIGSAW_V3_TS5ANDSAM-T08-server_TS1tm:0.0400697 gdt:0.0371863 max:0.0340046 q:0
BETWEEN3D-JIGSAW_V3_TS5ANDkeasar-server_TS1tm:0.037584 gdt:0.0356949 max:0.0284366 q:0
BETWEEN3D-JIGSAW_V3_TS5ANDPSI_TS2tm:0.0114297 gdt:0.0114297 max:0.0114297 q:0
BETWEEN3D-JIGSAW_V3_TS5ANDkeasar-server_TS3tm:0.0387771 gdt:0.0385783 max:0.0310217 q:0
BETWEEN3D-JIGSAW_V3_TS5ANDGeneSilicoMetaServer_TS1tm:0.00574171 gdt:0.00574171 max:0.00574171 q:0
BETWEEN3D-JIGSAW_V3_TS5AND3D-JIGSAW_AEP_TS1tm:0.0372754 gdt:0.0514286 max:0.0509143 q:0
BETWEEN3D-JIGSAW_V3_TS5ANDrehtnap_TS1tm:0.0149914 gdt:0.011448 max:0.0137194 q:0
BETWEEN3D-JIGSAW_V3_TS5ANDMULTICOM-RANK_TS4tm:0.0360926 gdt:0.0385783 max:0.0276411 q:0
BETWEEN3D-JIGSAW_V3_TS5ANDACOMPMOD_TS3tm:0.005688 gdt:0.005688 max:0.005688 q:0
BETWEEN3D-JIGSAW_V3_TS5ANDPcons_multi_TS1tm:0 gdt:0 max:0 q:0
BETWEEN3D-JIGSAW_V3_TS5ANDpanther_server_TS2tm:0.0359509 gdt:0.0313977 max:0.0304491 q:0
BETWEEN3D-JIGSAW_V3_TS5ANDZhang-Server_TS3tm:0.0406663 gdt:0.0399703 max:0.0316183 q:0
BETWEEN3D-JIGSAW_V3_TS5ANDCOMA_TS4tm:0.0284891 gdt:0.0285829 max:0.0252091 q:0
BETWEEN3D-JIGSAW_V3_TS5ANDGS-MetaServer2_TS4tm:0.00569143 gdt:0.00569143 max:0.00569143 q:0
BETWEEN3D-JIGSAW_V3_TS5ANDMUSTER_TS2tm:0.04872 gdt:0.0457371 max:0.0465326 q:0
BETWEEN3D-JIGSAW_V3_TS5ANDPcons_dot_net_TS5tm:0 gdt:0 max:0 q:0
BETWEEN3D-JIGSAW_V3_TS5ANDSAM-T02-server_AL4.pdbtm:0 gdt:0 max:0 q:0
BETWEEN3D-JIGSAW_V3_TS5ANDRAPTOR_TS5tm:0.0346011 gdt:0.0371863 max:0.0275417 q:0
BETWEEN3D-JIGSAW_V3_TS5ANDMUFOLD-MD_TS4tm:0.039672 gdt:0.0371863 max:0.0298286 q:0
BETWEEN3D-JIGSAW_V3_TS5ANDCOMA_TS1tm:0.0252417 gdt:0.0214229 max:0.0230994 q:0
BETWEEN3D-JIGSAW_V3_TS5AND3D-JIGSAW_V3_TS1tm:0.0376457 gdt:0.0514286 max:0.0510069 q:0
BETWEEN3D-JIGSAW_V3_TS5ANDFEIG_TS2tm:0.0372857 gdt:0.0356949 max:0.027144 q:0
BETWEEN3D-JIGSAW_V3_TS5ANDpanther_server_TS5tm:0.0237909 gdt:0.0199954 max:0.0211989 q:0
BETWEEN3D-JIGSAW_V3_TS5ANDRBO-Proteus_TS5tm:0.0371863 gdt:0.0343029 max:0.0284366 q:0
BETWEEN3D-JIGSAW_V3_TS5ANDPSI_TS4tm:0.0431086 gdt:0.0386103 max:0.0382354 q:0
BETWEEN3D-JIGSAW_V3_TS5ANDPhyre2_TS3tm:0.03784 gdt:0.0356777 max:0.0305669 q:0
BETWEEN3D-JIGSAW_V3_TS5ANDMULTICOM-RANK_TS1tm:0.0411634 gdt:0.0385783 max:0.0326126 q:0
BETWEEN3D-JIGSAW_V3_TS5ANDFFASsuboptimal_TS1tm:0 gdt:0 max:0 q:0
BETWEEN3D-JIGSAW_V3_TS5ANDcircle_TS5tm:0 gdt:0 max:0 q:0
BETWEEN3D-JIGSAW_V3_TS5ANDcircle_TS2tm:0.0374846 gdt:0.0385783 max:0.0314194 q:0
BETWEEN3D-JIGSAW_V3_TS5ANDpro-sp3-TASSER_TS1tm:0.0348 gdt:0.0314194 max:0.0245589 q:0
BETWEEN3D-JIGSAW_V3_TS5ANDDistill_TS4tm:0.0358937 gdt:0.0328114 max:0.0296297 q:0
BETWEEN3D-JIGSAW_V3_TS5ANDDistill_TS3tm:0.0418217 gdt:0.0399651 max:0.0347863 q:0
BETWEEN3D-JIGSAW_V3_TS5ANDRBO-Proteus_TS3tm:0.0380811 gdt:0.0343029 max:0.0291326 q:0
BETWEEN3D-JIGSAW_V3_TS5ANDFAMSD_TS3tm:0 gdt:0 max:0 q:0
BETWEEN3D-JIGSAW_V3_TS5ANDYASARA_TS2tm:0.0378823 gdt:0.0356949 max:0.0297291 q:0
BETWEEN3D-JIGSAW_V3_TS5ANDGS-MetaServer2_TS5tm:0.0250629 gdt:0.0200114 max:0.0228286 q:0
BETWEEN3D-JIGSAW_V3_TS5ANDnFOLD3_TS2tm:0.0504103 gdt:0.0500126 max:0.049416 q:0
BETWEEN3D-JIGSAW_V3_TS5ANDPSI_TS5tm:0.0330789 gdt:0.032832 max:0.0290469 q:0
BETWEEN3D-JIGSAW_V3_TS5ANDCOMA-M_TS4tm:0.0323314 gdt:0.0313943 max:0.027552 q:0
BETWEEN3D-JIGSAW_V3_TS5ANDpanther_server_TS1tm:0.0359509 gdt:0.0357611 max:0.0314926 q:0
BETWEEN3D-JIGSAW_V3_TS5ANDBAKER-ROBETTA_TS2tm:0.0372857 gdt:0.0356949 max:0.0307234 q:0
BETWEEN3D-JIGSAW_V3_TS5ANDFUGUE_KM_AL3.pdbtm:0 gdt:0 max:0 q:0
BETWEEN3D-JIGSAW_V3_TS5ANDCOMA-M_TS5tm:0.0323314 gdt:0.0313943 max:0.027552 q:0
BETWEEN3D-JIGSAW_V3_TS5ANDMUFOLD-Server_TS5tm:0.0336069 gdt:0.0343029 max:0.0270446 q:0
BETWEEN3D-JIGSAW_V3_TS5ANDSAM-T06-server_TS5tm:0 gdt:0 max:0 q:0
BETWEEN3D-JIGSAW_V3_TS5ANDPcons_local_TS4tm:0 gdt:0 max:0 q:0
BETWEEN3D-JIGSAW_V3_TS5ANDGS-MetaServer2_TS3tm:0 gdt:0 max:0 q:0
BETWEEN3D-JIGSAW_V3_TS5AND3D-JIGSAW_AEP_TS5tm:0.037116 gdt:0.0514286 max:0.050868 q:0
BETWEEN3D-JIGSAW_V3_TS5ANDPS2-server_TS3tm:0.0444446 gdt:0.0414617 max:0.0379817 q:0
BETWEEN3D-JIGSAW_V3_TS5ANDSAM-T06-server_TS4tm:0 gdt:0 max:0 q:0
BETWEEN3D-JIGSAW_V3_TS5ANDpro-sp3-TASSER_TS4tm:0.0369874 gdt:0.0343029 max:0.0283371 q:0
BETWEEN3D-JIGSAW_V3_TS5ANDkeasar-server_TS4tm:0.0373851 gdt:0.0343029 max:0.0295303 q:0
BETWEEN3D-JIGSAW_V3_TS5ANDPhyre_de_novo_TS2tm:0.0327291 gdt:0.0328274 max:0.0269303 q:0
BETWEEN3D-JIGSAW_V3_TS5ANDBAKER-ROBETTA_TS1tm:0.041064 gdt:0.0385783 max:0.0347006 q:0
BETWEEN3D-JIGSAW_V3_TS5ANDfais-server_TS1tm:0.0439474 gdt:0.0428537 max:0.0387771 q:0
BETWEEN3D-JIGSAW_V3_TS5ANDFUGUE_KM_AL1.pdbtm:0 gdt:0 max:0 q:0
BETWEEN3D-JIGSAW_V3_TS5ANDforecast_TS4tm:0.0347006 gdt:0.0343029 max:0.0277406 q:0
BETWEEN3D-JIGSAW_V3_TS5ANDCOMA_TS5tm:0.03036 gdt:0.0299829 max:0.0251743 q:0
BETWEEN3D-JIGSAW_V3_TS5ANDforecast_TS1tm:0.0358937 gdt:0.0371863 max:0.0287349 q:0
BETWEEN3D-JIGSAW_V3_TS5ANDDistill_TS5tm:0.0373851 gdt:0.0371863 max:0.0301269 q:0
BETWEEN3D-JIGSAW_V3_TS5ANDmariner1_TS1tm:0.0379543 gdt:0.0386023 max:0.0306411 q:0
BETWEEN3D-JIGSAW_V3_TS5ANDPoing_TS1tm:0.0346949 gdt:0.0286011 max:0.0259474 q:0
BETWEEN3D-JIGSAW_V3_TS5ANDZhang-Server_TS2tm:0.0395726 gdt:0.0371863 max:0.0312206 q:0
BETWEEN3D-JIGSAW_V3_TS5ANDOLGAFS_TS3tm:0 gdt:0 max:0 q:0
BETWEEN3D-JIGSAW_V3_TS5AND3D-JIGSAW_AEP_TS4tm:0.0370337 gdt:0.0514286 max:0.0508937 q:0
BETWEEN3D-JIGSAW_V3_TS5ANDPcons_dot_net_TS3tm:0 gdt:0 max:0 q:0
BETWEEN3D-JIGSAW_V3_TS5ANDMUProt_TS1tm:0.0490183 gdt:0.0486206 max:0.0470297 q:0
BETWEEN3D-JIGSAW_V3_TS5ANDFUGUE_KM_AL5.pdbtm:0.0373783 gdt:0.0357531 max:0.0274469 q:0
BETWEEN3D-JIGSAW_V3_TS5ANDPcons_multi_TS5tm:0.0371863 gdt:0.0385783 max:0.0298286 q:0
BETWEEN3D-JIGSAW_V3_TS5ANDPS2-server_TS4tm:0.0373851 gdt:0.0385783 max:0.0296297 q:0
BETWEEN3D-JIGSAW_V3_TS5ANDMULTICOM-CLUSTER_TS1tm:0.0402686 gdt:0.0414617 max:0.0335074 q:0
BETWEEN3D-JIGSAW_V3_TS5ANDPhyre_de_novo_TS1tm:0.0325326 gdt:0.0314514 max:0.026832 q:0
BETWEEN3D-JIGSAW_V3_TS5ANDOLGAFS_TS1tm:0.0114343 gdt:0.0114343 max:0.0114343 q:0
BETWEEN3D-JIGSAW_V3_TS5ANDPoing_TS2tm:0.0331223 gdt:0.0343017 max:0.0264389 q:0
BETWEEN3D-JIGSAW_V3_TS5ANDMUProt_TS2tm:0.0506091 gdt:0.0500126 max:0.0498137 q:0
BETWEEN3D-JIGSAW_V3_TS5ANDYASARA_TS1tm:0.0385783 gdt:0.0328114 max:0.0290331 q:0
BETWEEN3D-JIGSAW_V3_TS5ANDMETATASSER_TS1tm:0.0399703 gdt:0.0356949 max:0.0319166 q:0
BETWEEN3D-JIGSAW_V3_TS5ANDBAKER-ROBETTA_TS3tm:0.0385783 gdt:0.0371863 max:0.0310217 q:0
BETWEEN3D-JIGSAW_V3_TS5ANDpro-sp3-TASSER_TS3tm:0.0374846 gdt:0.0356949 max:0.0277406 q:0
BETWEEN3D-JIGSAW_V3_TS5ANDschenk-torda-server_TS3tm:0.0401691 gdt:0.0385783 max:0.0312206 q:0
BETWEEN3D-JIGSAW_V3_TS5ANDpro-sp3-TASSER_TS5tm:0.0409646 gdt:0.0399703 max:0.0347006 q:0
BETWEEN3D-JIGSAW_V3_TS5ANDPSI_TS1tm:0.0327451 gdt:0.0356983 max:0.0269257 q:0
BETWEEN3D-JIGSAW_V3_TS5ANDCOMA-M_TS3tm:0.0322274 gdt:0.0313891 max:0.030644 q:0
BETWEEN3D-JIGSAW_V3_TS5ANDPhragment_TS2tm:0.0320411 gdt:0.0328274 max:0.026832 q:0
BETWEEN3D-JIGSAW_V3_TS5ANDPcons_multi_TS2tm:0.044544 gdt:0.0428537 max:0.0387771 q:0
BETWEEN3D-JIGSAW_V3_TS5ANDHHpred4_TS1tm:0.0467314 gdt:0.0442457 max:0.0436491 q:0
BETWEEN3D-JIGSAW_V3_TS5ANDMUFOLD-MD_TS5tm:0.039672 gdt:0.0371863 max:0.0298286 q:0
BETWEEN3D-JIGSAW_V3_TS5ANDnFOLD3_TS5tm:0 gdt:0 max:0 q:0
BETWEEN3D-JIGSAW_V3_TS5ANDGeneSilicoMetaServer_TS4tm:0.00574171 gdt:0.00574171 max:0.00574171 q:0
BETWEEN3D-JIGSAW_V3_TS5ANDFFASsuboptimal_TS3tm:0 gdt:0 max:0 q:0
BETWEEN3D-JIGSAW_V3_TS5AND3D-JIGSAW_V3_TS4tm:0.0502817 gdt:0.0514286 max:0.0514029 q:0
BETWEEN3D-JIGSAW_V3_TS5ANDFALCON_TS3tm:0.0327451 gdt:0.0356983 max:0.0269257 q:0
BETWEEN3D-JIGSAW_V3_TS5ANDMUFOLD-Server_TS2tm:0.0336069 gdt:0.0356949 max:0.0270446 q:0
BETWEEN3D-JIGSAW_V3_TS5ANDLEE-SERVER_TS2tm:0.0344023 gdt:0.0356949 max:0.0281383 q:0
BETWEEN3D-JIGSAW_V3_TS5ANDMULTICOM-CMFR_TS2tm:0.0507086 gdt:0.0500126 max:0.050112 q:0
BETWEEN3D-JIGSAW_V3_TS5ANDYASARA_TS4tm:0.0402686 gdt:0.0371863 max:0.030624 q:0
BETWEEN3D-JIGSAW_V3_TS5ANDFFASstandard_TS2tm:0 gdt:0 max:0 q:0
BETWEEN3D-JIGSAW_V3_TS5ANDSAM-T02-server_AL3.pdbtm:0.0114103 gdt:0.0114103 max:0.0114103 q:0
BETWEEN3D-JIGSAW_V3_TS5ANDMETATASSER_TS5tm:0.0364903 gdt:0.0356949 max:0.0309223 q:0
BETWEEN3D-JIGSAW_V3_TS5ANDBAKER-ROBETTA_TS4tm:0.0377829 gdt:0.0356949 max:0.0284366 q:0
BETWEEN3D-JIGSAW_V3_TS5ANDFEIG_TS5tm:0.0414617 gdt:0.0385783 max:0.0328114 q:0
BETWEEN3D-JIGSAW_V3_TS5ANDPhyre2_TS5tm:0.035776 gdt:0.0328274 max:0.026832 q:0
BETWEEN3D-JIGSAW_V3_TS5ANDPcons_dot_net_TS2tm:0 gdt:0 max:0 q:0
BETWEEN3D-JIGSAW_V3_TS5ANDFiser-M4T_TS2tm:0 gdt:0 max:0 q:0
BETWEEN3D-JIGSAW_V3_TS5ANDMUSTER_TS3tm:0.0369874 gdt:0.0371863 max:0.0311211 q:0
BETWEEN3D-JIGSAW_V3_TS5ANDMULTICOM-CMFR_TS4tm:0.0496149 gdt:0.0500126 max:0.0481234 q:0
BETWEEN3D-JIGSAW_V3_TS5ANDschenk-torda-server_TS5tm:0.0391749 gdt:0.0356949 max:0.029232 q:0
BETWEEN3D-JIGSAW_V3_TS5ANDFFASsuboptimal_TS4tm:0 gdt:0 max:0 q:0
BETWEEN3D-JIGSAW_V3_TS5ANDPcons_local_TS2tm:0.0455469 gdt:0.0442429 max:0.0422869 q:0
BETWEEN3D-JIGSAW_V3_TS5ANDFFASsuboptimal_TS2tm:0 gdt:0 max:0 q:0
BETWEEN3D-JIGSAW_V3_TS5ANDmariner1_TS3tm:0.0396983 gdt:0.0385531 max:0.0333046 q:0
BETWEEN3D-JIGSAW_V3_TS5ANDFFASflextemplate_TS2tm:0 gdt:0 max:0 q:0
BETWEEN3D-JIGSAW_V3_TS5ANDfais-server_TS4tm:0.0395057 gdt:0.0371486 max:0.0326229 q:0
BETWEEN3D-JIGSAW_V3_TS5ANDkeasar-server_TS5tm:0.0395726 gdt:0.0356949 max:0.0321154 q:0
BETWEEN3D-JIGSAW_V3_TS5ANDMULTICOM-REFINE_TS1tm:0.050808 gdt:0.0500126 max:0.0502114 q:0
BETWEEN3D-JIGSAW_V3_TS5ANDMUFOLD-Server_TS4tm:0.034104 gdt:0.0356949 max:0.027144 q:0
BETWEEN3D-JIGSAW_V3_TS5ANDDistill_TS1tm:0.0390514 gdt:0.0371086 max:0.0307943 q:0
BETWEEN3D-JIGSAW_V3_TS5ANDSAM-T06-server_TS1tm:0.0360926 gdt:0.0371863 max:0.0289337 q:0
BETWEEN3D-JIGSAW_V3_TS5ANDBioSerf_TS1tm:0.03828 gdt:0.0356949 max:0.0284366 q:0
BETWEEN3D-JIGSAW_V3_TS5ANDHHpred2_TS1tm:0.0500126 gdt:0.0486206 max:0.0489189 q:0
BETWEEN3D-JIGSAW_V3_TS5ANDMETATASSER_TS2tm:0.0408651 gdt:0.0414617 max:0.0343029 q:0
BETWEEN3D-JIGSAW_V3_TS5ANDmariner1_TS2tm:0.0386949 gdt:0.0328629 max:0.0324926 q:0
BETWEEN3D-JIGSAW_V3_TS5ANDGeneSilicoMetaServer_TS5tm:0.0425463 gdt:0.0428274 max:0.0357989 q:0
BETWEEN3D-JIGSAW_V3_TS5ANDFALCON_TS4tm:0 gdt:0 max:0 q:0
BETWEEN3D-JIGSAW_V3_TS5ANDRBO-Proteus_TS1tm:0.0392743 gdt:0.0371863 max:0.0324137 q:0
BETWEEN3D-JIGSAW_V3_TS5ANDschenk-torda-server_TS2tm:0.0377829 gdt:0.0343029 max:0.0294309 q:0
BETWEEN3D-JIGSAW_V3_TS5ANDPhyre2_TS4tm:0.0493166 gdt:0.0486206 max:0.0479246 q:0
BETWEEN3D-JIGSAW_V3_TS5ANDMETATASSER_TS3tm:0.0381806 gdt:0.0371863 max:0.0297291 q:0
BETWEEN3D-JIGSAW_V3_TS5ANDnFOLD3_TS1tm:0.0114663 gdt:0.0114663 max:0.0114663 q:0
BETWEEN3D-JIGSAW_V3_TS5ANDMULTICOM-CLUSTER_TS2tm:0.0511063 gdt:0.0514046 max:0.0507086 q:0
BETWEEN3D-JIGSAW_V3_TS5ANDschenk-torda-server_TS4tm:0.0374846 gdt:0.0343029 max:0.029232 q:0
BETWEEN3D-JIGSAW_V3_TS5AND3Dpro_TS5tm:0.0363909 gdt:0.0356949 max:0.0286354 q:0
BETWEEN3D-JIGSAW_V3_TS5ANDPcons_local_TS5tm:0.0366149 gdt:0.0342434 max:0.0255166 q:0
BETWEEN3D-JIGSAW_V3_TS5ANDMUSTER_TS4tm:0.0355954 gdt:0.0371863 max:0.0305246 q:0
BETWEEN3D-JIGSAW_V3_TS5ANDFALCON_TS1tm:0 gdt:0 max:0 q:0
BETWEEN3D-JIGSAW_V3_TS5ANDMUSTER_TS5tm:0.0409646 gdt:0.0385783 max:0.0338057 q:0
BETWEEN3D-JIGSAW_V3_TS5ANDPhyre2_TS1tm:0.0345966 gdt:0.0356777 max:0.0289943 q:0
BETWEEN3D-JIGSAW_V3_TS5ANDRAPTOR_TS3tm:0.0409646 gdt:0.0414617 max:0.0340046 q:0
BETWEEN3D-JIGSAW_V3_TS5ANDmGenTHREADER_TS1tm:0 gdt:0 max:0 q:0
BETWEEN3D-JIGSAW_V3_TS5ANDPoing_TS4tm:0.0493166 gdt:0.0486206 max:0.0479246 q:0
BETWEEN3D-JIGSAW_V3_TS5ANDFFASstandard_TS5tm:0.0311771 gdt:0.0314514 max:0.0290743 q:0
BETWEEN3D-JIGSAW_V3_TS5ANDMUFOLD-MD_TS3tm:0.039672 gdt:0.0371863 max:0.0298286 q:0
BETWEEN3D-JIGSAW_V3_TS5ANDPcons_local_TS1tm:0 gdt:0 max:0 q:0
BETWEEN3D-JIGSAW_V3_TS5ANDDistill_TS2tm:0.0395743 gdt:0.0371314 max:0.0308777 q:0
BETWEEN3D-JIGSAW_V3_TS5ANDMULTICOM-CLUSTER_TS3tm:0.0509074 gdt:0.0514046 max:0.0504103 q:0
BETWEEN3D-JIGSAW_V3_TS5AND3D-JIGSAW_V3_TS3tm:0.0486154 gdt:0.0514286 max:0.0513669 q:0
BETWEEN3D-JIGSAW_V3_TS5ANDACOMPMOD_TS1tm:0 gdt:0 max:0 q:0
BETWEEN3D-JIGSAW_V3_TS5ANDMULTICOM-REFINE_TS2tm:0.050808 gdt:0.0500126 max:0.0502114 q:0
BETWEEN3D-JIGSAW_V3_TS5ANDFOLDpro_TS5tm:0.0378823 gdt:0.0371863 max:0.0284366 q:0
BETWEEN3D-JIGSAW_V3_TS5AND3D-JIGSAW_AEP_TS3tm:0.0359589 gdt:0.0514286 max:0.0508731 q:0
BETWEEN3D-JIGSAW_V3_TS5ANDMULTICOM-CMFR_TS5tm:0.0499131 gdt:0.0471291 max:0.0486206 q:0
BETWEEN3D-JIGSAW_V3_TS5ANDFrankenstein_TS2tm:0 gdt:0 max:0 q:0
BETWEEN3D-JIGSAW_V3_TS5ANDSAM-T08-server_TS5tm:0.0304 gdt:0.028576 max:0.0262309 q:0
BETWEEN3D-JIGSAW_V3_TS5ANDPcons_multi_TS4tm:0.044544 gdt:0.0428537 max:0.0387771 q:0
BETWEEN3D-JIGSAW_V3_TS5ANDSAM-T02-server_AL1.pdbtm:0.0169714 gdt:0.0171429 max:0.0168857 q:0
BETWEEN3D-JIGSAW_V3_TS5ANDMULTICOM-RANK_TS2tm:0.0402686 gdt:0.0414617 max:0.0335074 q:0
BETWEEN3D-JIGSAW_V3_TS5ANDFrankenstein_TS3tm:0 gdt:0 max:0 q:0
BETWEEN3D-JIGSAW_V3_TS5ANDMUFOLD-Server_TS1tm:0.0333086 gdt:0.0356949 max:0.0286354 q:0
BETWEEN3D-JIGSAW_V3_TS5ANDFALCON_TS5tm:0.0114297 gdt:0.0114297 max:0.0114297 q:0
BETWEEN3D-JIGSAW_V3_TS5ANDPhyre_de_novo_TS5tm:0.0367589 gdt:0.0343017 max:0.030272 q:0
BETWEEN3D-JIGSAW_V3_TS5ANDPhyre2_TS2tm:0.0315497 gdt:0.0328274 max:0.0243749 q:0
BETWEEN3D-JIGSAW_V3_TS5ANDPcons_dot_net_TS4tm:0.0455469 gdt:0.0442429 max:0.0422869 q:0
BETWEEN3D-JIGSAW_V3_TS5AND3Dpro_TS1tm:0.0496149 gdt:0.0500126 max:0.0481234 q:0
BETWEEN3D-JIGSAW_V3_TS5ANDHHpred5_TS1tm:0.0467314 gdt:0.0442457 max:0.0436491 q:0
BETWEEN3D-JIGSAW_V3_TS5ANDpro-sp3-TASSER_TS2tm:0.0379817 gdt:0.0356949 max:0.029232 q:0
BETWEEN3D-JIGSAW_V3_TS5ANDFrankenstein_TS1tm:0 gdt:0 max:0 q:0
BETWEEN3D-JIGSAW_V3_TS5ANDFAMSD_TS2tm:0.0113937 gdt:0.0113937 max:0.0113937 q:0
BETWEEN3D-JIGSAW_V3_TS5ANDCOMA-M_TS1tm:0.0315754 gdt:0.029992 max:0.0297126 q:0
BETWEEN3D-JIGSAW_V3_TS5ANDMULTICOM-RANK_TS5tm:0.0360926 gdt:0.0371863 max:0.0280389 q:0
BETWEEN3D-JIGSAW_V3_TS5ANDschenk-torda-server_TS1tm:0.0407657 gdt:0.0385783 max:0.0347006 q:0
BETWEEN3D-JIGSAW_V3_TS5ANDmariner1_TS5tm:0 gdt:0 max:0 q:0
BETWEEN3D-JIGSAW_V3_TS5ANDFOLDpro_TS4tm:0.0340046 gdt:0.0371863 max:0.0281383 q:0
BETWEEN3D-JIGSAW_V3_TS5ANDSAM-T06-server_TS3tm:0.021312 gdt:0.0199589 max:0.0204663 q:0
BETWEEN3D-JIGSAW_V3_TS5ANDFOLDpro_TS3tm:0.0414617 gdt:0.0385783 max:0.0340046 q:0
BETWEEN3D-JIGSAW_V3_TS5ANDGeneSilicoMetaServer_TS2tm:0.00574171 gdt:0.00574171 max:0.00574171 q:0
BETWEEN3D-JIGSAW_V3_TS5ANDMULTICOM-CMFR_TS1tm:0.0472286 gdt:0.0471291 max:0.0440469 q:0
BETWEEN3D-JIGSAW_V3_TS5ANDFFASflextemplate_TS4tm:0 gdt:0 max:0 q:0
BETWEEN3D-JIGSAW_V3_TS5ANDPoing_TS5tm:0.033024 gdt:0.0343017 max:0.0274217 q:0
BETWEEN3D-JIGSAW_V3_TS5ANDBAKER-ROBETTA_TS5tm:0.0372857 gdt:0.0356949 max:0.0268457 q:0
BETWEEN3D-JIGSAW_V3_TS5ANDLEE-SERVER_TS5tm:0.0344023 gdt:0.0356949 max:0.0282377 q:0
BETWEEN3D-JIGSAW_V3_TS5ANDPS2-server_TS5tm:0.0350983 gdt:0.0356949 max:0.0268457 q:0
BETWEEN3D-JIGSAW_V3_TS5ANDLEE-SERVER_TS1tm:0.0348994 gdt:0.0343029 max:0.0289337 q:0
BETWEEN3D-JIGSAW_V3_TS5ANDSAM-T08-server_TS4tm:0.0169989 gdt:0.017168 max:0.0169143 q:0
BETWEEN3D-JIGSAW_V3_TS5ANDkeasar-server_TS2tm:0.0394731 gdt:0.0371863 max:0.0328114 q:0
BETWEEN3D-JIGSAW_V3_TS5ANDPhragment_TS3tm:0.032336 gdt:0.0343017 max:0.0269303 q:0
BETWEEN3D-JIGSAW_V3_TS5ANDSAM-T06-server_TS2tm:0 gdt:0 max:0 q:0
BETWEEN3D-JIGSAW_V3_TS5ANDfais-server_TS3tm:0.0490183 gdt:0.0486206 max:0.0471291 q:0
BETWEEN3D-JIGSAW_V3_TS5ANDMUFOLD-MD_TS2tm:0.0365897 gdt:0.0356949 max:0.0256526 q:0
BETWEEN3D-JIGSAW_V3_TS5ANDPSI_TS3tm:0 gdt:0 max:0 q:0
BETWEEN3D-JIGSAW_V3_TS5ANDFiser-M4T_TS1tm:0 gdt:0 max:0 q:0
BETWEEN3D-JIGSAW_V3_TS5ANDfais-server_TS2tm:0.0409646 gdt:0.0428537 max:0.0356949 q:0
BETWEEN3D-JIGSAW_V3_TS5ANDLEE-SERVER_TS4tm:0.0342034 gdt:0.0343029 max:0.0279394 q:0
BETWEEN3D-JIGSAW_V3_TS5ANDFEIG_TS1tm:0.0325131 gdt:0.0328114 max:0.026448 q:0
BETWEEN3D-JIGSAW_V3_TS5ANDYASARA_TS5tm:0.0357943 gdt:0.0356949 max:0.0296297 q:0
BETWEEN3D-JIGSAW_V3_TS5ANDCOMA_TS3tm:0.0252417 gdt:0.0214229 max:0.0230994 q:0
BETWEEN3D-JIGSAW_V3_TS5ANDACOMPMOD_TS2tm:0 gdt:0 max:0 q:0
BETWEEN3D-JIGSAW_V3_TS5ANDMUProt_TS5tm:0.0506091 gdt:0.0500126 max:0.0499131 q:0
BETWEEN3D-JIGSAW_V3_TS5ANDOLGAFS_TS4tm:0 gdt:0 max:0 q:0
BETWEEN3D-JIGSAW_V3_TS5ANDFrankenstein_TS4tm:0.0384789 gdt:0.0356949 max:0.029928 q:0
BETWEEN3D-JIGSAW_V3_TS5ANDPhragment_TS5tm:0.0333189 gdt:0.0343017 max:0.0289943 q:0
BETWEEN3D-JIGSAW_V3_TS5ANDcircle_TS4tm:0 gdt:0 max:0 q:0
BETWEEN3D-JIGSAW_V3_TS5ANDnFOLD3_TS3tm:0.046632 gdt:0.0442457 max:0.0423566 q:0
BETWEEN3D-JIGSAW_V3_TS5ANDmariner1_TS4tm:0 gdt:0 max:0 q:0
BETWEEN3D-JIGSAW_V3_TS5ANDPcons_local_TS3tm:0 gdt:0 max:0 q:0
BETWEEN3D-JIGSAW_V3_TS5ANDnFOLD3_TS4tm:0.0364903 gdt:0.0371863 max:0.0294309 q:0
BETWEEN3D-JIGSAW_V3_TS5ANDMUProt_TS3tm:0.0507086 gdt:0.0514046 max:0.0500126 q:0
BETWEEN3D-JIGSAW_V3_TS5ANDFALCON_CONSENSUS_TS1tm:0 gdt:0 max:0 q:0
BETWEEN3D-JIGSAW_V3_TS5ANDMULTICOM-CLUSTER_TS5tm:0.0497143 gdt:0.0486206 max:0.0482229 q:0
BETWEEN3D-JIGSAW_V3_TS5ANDSAM-T02-server_AL5.pdbtm:0 gdt:0 max:0 q:0
BETWEEN3D-JIGSAW_V3_TS5ANDMULTICOM-CLUSTER_TS4tm:0.042456 gdt:0.0399703 max:0.034104 q:0
BETWEEN3D-JIGSAW_V3_TS5ANDZhang-Server_TS5tm:0.0397714 gdt:0.0399703 max:0.0315189 q:0
BETWEEN3D-JIGSAW_V3_TS5ANDFFASstandard_TS4tm:0 gdt:0 max:0 q:0
BETWEEN3D-JIGSAW_V3_TS5ANDMULTICOM-REFINE_TS3tm:0.0507086 gdt:0.0514046 max:0.050112 q:0
BETWEEN3D-JIGSAW_V3_TS5ANDcircle_TS3tm:0 gdt:0 max:0 q:0
BETWEEN3D-JIGSAW_V3_TS5ANDFFASstandard_TS3tm:0 gdt:0 max:0 q:0
BETWEEN3D-JIGSAW_V3_TS5ANDYASARA_TS3tm:0.0392743 gdt:0.0385783 max:0.0322149 q:0
BETWEEN3D-JIGSAW_V3_TS5ANDMULTICOM-RANK_TS3tm:0.0370869 gdt:0.0371863 max:0.03132 q:0
BETWEEN3D-JIGSAW_V3_TS5ANDMUSTER_TS1tm:0.0425554 gdt:0.0385783 max:0.036888 q:0
BETWEEN3D-JIGSAW_V3_TS5ANDfais-server_TS5tm:0.0395726 gdt:0.0385783 max:0.0309223 q:0
BETWEEN3D-JIGSAW_V3_TS5ANDOLGAFS_TS5tm:0.0114103 gdt:0.0114103 max:0.0114103 q:0
BETWEEN3D-JIGSAW_V3_TS5ANDpanther_server_TS3tm:0.0322514 gdt:0.0313977 max:0.0280777 q:0
BETWEEN3D-JIGSAW_V3_TS5AND3DShot2_TS1tm:0.0479914 gdt:0.0471429 max:0.0458229 q:0
BETWEEN3D-JIGSAW_V3_TS5ANDFFASflextemplate_TS5tm:0 gdt:0 max:0 q:0
BETWEEN3D-JIGSAW_V3_TS5ANDPhyre_de_novo_TS3tm:0.033712 gdt:0.0328274 max:0.0271269 q:0
BETWEEN3D-JIGSAW_V3_TS5AND3D-JIGSAW_V3_TS2tm:0.043956 gdt:0.0514286 max:0.0512434 q:0
BETWEEN3D-JIGSAW_V3_TS5ANDZhang-Server_TS1tm:0.0395726 gdt:0.0371863 max:0.0315189 q:0
BETWEEN3D-JIGSAW_V3_TS5ANDPcons_multi_TS3tm:0.044544 gdt:0.0428537 max:0.0387771 q:0
BETWEEN3D-JIGSAW_V3_TS5ANDMUProt_TS4tm:0.0509074 gdt:0.0514046 max:0.0504103 q:0
BETWEEN3D-JIGSAW_V3_TS5ANDFEIG_TS3tm:0.0385783 gdt:0.0371863 max:0.0329109 q:0
BETWEEN3D-JIGSAW_V3_TS5ANDMULTICOM-CMFR_TS3tm:0.0483223 gdt:0.0457371 max:0.045936 q:0
BETWEEN3D-JIGSAW_V3_TS5ANDforecast_TS3tm:0.0377829 gdt:0.0385783 max:0.0262491 q:0
BETWEEN3D-JIGSAW_V3_TS5ANDpanther_server_TS4tm:0.0299749 gdt:0.028552 max:0.0275086 q:0
BETWEEN3D-JIGSAW_V3_TS5ANDGS-MetaServer2_TS1tm:0.005688 gdt:0.005688 max:0.005688 q:0
BETWEEN3D-JIGSAW_V3_TS5ANDPS2-server_TS1tm:0.0339051 gdt:0.0356949 max:0.0274423 q:0
BETWEEN3D-JIGSAW_V3_TS5ANDMULTICOM-REFINE_TS5tm:0.0488194 gdt:0.0486206 max:0.0467314 q:0
BETWEEN3D-JIGSAW_V3_TS5ANDOLGAFS_TS2tm:0.0114297 gdt:0.0114297 max:0.0114297 q:0
BETWEEN3D-JIGSAW_V3_TS5ANDMETATASSER_TS4tm:0.036192 gdt:0.0356949 max:0.0280389 q:0
BETWEEN3D-JIGSAW_V3_TS5ANDLEE-SERVER_TS3tm:0.0340046 gdt:0.0356949 max:0.0269451 q:0
BETWEEN3D-JIGSAW_V3_TS5ANDMULTICOM-REFINE_TS4tm:0.0507086 gdt:0.0514046 max:0.0500126 q:0
BETWEEN3D-JIGSAW_V3_TS5ANDMUFOLD-MD_TS1tm:0.0365897 gdt:0.0356949 max:0.0256526 q:0
BETWEEN3D-JIGSAW_V3_TS5ANDPhragment_TS4tm:0.0493166 gdt:0.0486206 max:0.0479246 q:0
